{"numFailedTestSuites":2,"numFailedTests":0,"numPassedTestSuites":0,"numPassedTests":0,"numPendingTestSuites":0,"numPendingTests":0,"numRuntimeErrorTestSuites":2,"numTodoTests":0,"numTotalTestSuites":2,"numTotalTests":0,"openHandles":[],"snapshot":{"added":0,"didUpdate":false,"failure":false,"filesAdded":0,"filesRemoved":0,"filesRemovedList":[],"filesUnmatched":0,"filesUpdated":0,"matched":0,"total":0,"unchecked":0,"uncheckedKeysByFile":[],"unmatched":0,"updated":0},"startTime":1754681611824,"success":false,"testResults":[{"assertionResults":[],"coverage":{},"endTime":1754681612371,"message":"  \u001b[1m● \u001b[22mTest suite failed to run\n\n    SyntaxError: /workspaces/lock3r/src/lib/managers/__tests__/BlockManager.test.ts: Unexpected token, expected \",\" (16:28)\n\n    \u001b[0m \u001b[90m 14 |\u001b[39m \u001b[90m// Mock the utils module\u001b[39m\n     \u001b[90m 15 |\u001b[39m jest\u001b[33m.\u001b[39mmock(\u001b[32m'../../utils'\u001b[39m\u001b[33m,\u001b[39m () \u001b[33m=>\u001b[39m ({\n    \u001b[31m\u001b[1m>\u001b[22m\u001b[39m\u001b[90m 16 |\u001b[39m   normalizeUrl\u001b[33m:\u001b[39m jest\u001b[33m.\u001b[39mfn((url\u001b[33m:\u001b[39m string) \u001b[33m=>\u001b[39m url\u001b[33m.\u001b[39mtoLowerCase()\u001b[33m.\u001b[39mreplace(\u001b[35m/^https?:\\/\\//\u001b[39m\u001b[33m,\u001b[39m \u001b[32m''\u001b[39m)\u001b[33m.\u001b[39mreplace(\u001b[35m/^www\\./\u001b[39m\u001b[33m,\u001b[39m \u001b[32m''\u001b[39m))\u001b[33m,\u001b[39m\n     \u001b[90m    |\u001b[39m                             \u001b[31m\u001b[1m^\u001b[22m\u001b[39m\n     \u001b[90m 17 |\u001b[39m   createUrlPattern\u001b[33m:\u001b[39m jest\u001b[33m.\u001b[39mfn((url\u001b[33m:\u001b[39m string) \u001b[33m=>\u001b[39m \u001b[32m`*://*.${url}/*`\u001b[39m)\u001b[33m,\u001b[39m\n     \u001b[90m 18 |\u001b[39m   generateId\u001b[33m:\u001b[39m jest\u001b[33m.\u001b[39mfn(() \u001b[33m=>\u001b[39m \u001b[32m'test-id-123'\u001b[39m)\u001b[33m,\u001b[39m\n     \u001b[90m 19 |\u001b[39m   getCurrentTimestamp\u001b[33m:\u001b[39m jest\u001b[33m.\u001b[39mfn(() \u001b[33m=>\u001b[39m \u001b[35m1234567890\u001b[39m)\u001b[33m,\u001b[39m\u001b[0m\n\n      \u001b[2mat constructor (\u001b[22mnode_modules/@babel/parser/src/parse-error.ts\u001b[2m:95:45)\u001b[22m\n      \u001b[2mat Parser.toParseError [as raise] (\u001b[22mnode_modules/@babel/parser/src/tokenizer/index.ts\u001b[2m:1503:19)\u001b[22m\n      \u001b[2mat Parser.raise [as unexpected] (\u001b[22mnode_modules/@babel/parser/src/tokenizer/index.ts\u001b[2m:1543:16)\u001b[22m\n      \u001b[2mat Parser.unexpected [as expect] (\u001b[22mnode_modules/@babel/parser/src/parser/util.ts\u001b[2m:157:12)\u001b[22m\n      \u001b[2mat Parser.expect [as parseParenAndDistinguishExpression] (\u001b[22mnode_modules/@babel/parser/src/parser/expression.ts\u001b[2m:1789:14)\u001b[22m\n      \u001b[2mat Parser.parseParenAndDistinguishExpression [as parseExprAtom] (\u001b[22mnode_modules/@babel/parser/src/parser/expression.ts\u001b[2m:1162:21)\u001b[22m\n      \u001b[2mat Parser.parseExprAtom [as parseExprSubscripts] (\u001b[22mnode_modules/@babel/parser/src/parser/expression.ts\u001b[2m:734:23)\u001b[22m\n      \u001b[2mat Parser.parseExprSubscripts [as parseUpdate] (\u001b[22mnode_modules/@babel/parser/src/parser/expression.ts\u001b[2m:713:21)\u001b[22m\n      \u001b[2mat Parser.parseUpdate [as parseMaybeUnary] (\u001b[22mnode_modules/@babel/parser/src/parser/expression.ts\u001b[2m:675:23)\u001b[22m\n      \u001b[2mat Parser.parseMaybeUnary [as parseMaybeUnaryOrPrivate] (\u001b[22mnode_modules/@babel/parser/src/parser/expression.ts\u001b[2m:409:14)\u001b[22m\n      \u001b[2mat Parser.parseMaybeUnaryOrPrivate [as parseExprOps] (\u001b[22mnode_modules/@babel/parser/src/parser/expression.ts\u001b[2m:421:23)\u001b[22m\n      \u001b[2mat Parser.parseExprOps [as parseMaybeConditional] (\u001b[22mnode_modules/@babel/parser/src/parser/expression.ts\u001b[2m:376:23)\u001b[22m\n      \u001b[2mat Parser.parseMaybeConditional [as parseMaybeAssign] (\u001b[22mnode_modules/@babel/parser/src/parser/expression.ts\u001b[2m:301:21)\u001b[22m\n      \u001b[2mat parseMaybeAssign (\u001b[22mnode_modules/@babel/parser/src/parser/expression.ts\u001b[2m:257:12)\u001b[22m\n      \u001b[2mat Parser.callback [as allowInAnd] (\u001b[22mnode_modules/@babel/parser/src/parser/expression.ts\u001b[2m:3192:12)\u001b[22m\n      \u001b[2mat Parser.allowInAnd [as parseMaybeAssignAllowIn] (\u001b[22mnode_modules/@babel/parser/src/parser/expression.ts\u001b[2m:256:17)\u001b[22m\n      \u001b[2mat Parser.parseMaybeAssignAllowIn [as parseMaybeAssignAllowInOrVoidPattern] (\u001b[22mnode_modules/@babel/parser/src/parser/expression.ts\u001b[2m:3306:17)\u001b[22m\n      \u001b[2mat Parser.parseMaybeAssignAllowInOrVoidPattern [as parseExprListItem] (\u001b[22mnode_modules/@babel/parser/src/parser/expression.ts\u001b[2m:2788:18)\u001b[22m\n      \u001b[2mat Parser.parseExprListItem [as parseCallExpressionArguments] (\u001b[22mnode_modules/@babel/parser/src/parser/expression.ts\u001b[2m:1034:14)\u001b[22m\n      \u001b[2mat Parser.parseCallExpressionArguments [as parseCoverCallAndAsyncArrowHead] (\u001b[22mnode_modules/@babel/parser/src/parser/expression.ts\u001b[2m:914:29)\u001b[22m\n      \u001b[2mat Parser.parseCoverCallAndAsyncArrowHead [as parseSubscript] (\u001b[22mnode_modules/@babel/parser/src/parser/expression.ts\u001b[2m:796:19)\u001b[22m\n      \u001b[2mat Parser.parseSubscript [as parseSubscripts] (\u001b[22mnode_modules/@babel/parser/src/parser/expression.ts\u001b[2m:755:19)\u001b[22m\n      \u001b[2mat Parser.parseSubscripts [as parseExprSubscripts] (\u001b[22mnode_modules/@babel/parser/src/parser/expression.ts\u001b[2m:740:17)\u001b[22m\n      \u001b[2mat Parser.parseExprSubscripts [as parseUpdate] (\u001b[22mnode_modules/@babel/parser/src/parser/expression.ts\u001b[2m:713:21)\u001b[22m\n      \u001b[2mat Parser.parseUpdate [as parseMaybeUnary] (\u001b[22mnode_modules/@babel/parser/src/parser/expression.ts\u001b[2m:675:23)\u001b[22m\n      \u001b[2mat Parser.parseMaybeUnary [as parseMaybeUnaryOrPrivate] (\u001b[22mnode_modules/@babel/parser/src/parser/expression.ts\u001b[2m:409:14)\u001b[22m\n      \u001b[2mat Parser.parseMaybeUnaryOrPrivate [as parseExprOps] (\u001b[22mnode_modules/@babel/parser/src/parser/expression.ts\u001b[2m:421:23)\u001b[22m\n      \u001b[2mat Parser.parseExprOps [as parseMaybeConditional] (\u001b[22mnode_modules/@babel/parser/src/parser/expression.ts\u001b[2m:376:23)\u001b[22m\n      \u001b[2mat Parser.parseMaybeConditional [as parseMaybeAssign] (\u001b[22mnode_modules/@babel/parser/src/parser/expression.ts\u001b[2m:301:21)\u001b[22m\n      \u001b[2mat parseMaybeAssign (\u001b[22mnode_modules/@babel/parser/src/parser/expression.ts\u001b[2m:257:12)\u001b[22m\n      \u001b[2mat Parser.callback [as allowInAnd] (\u001b[22mnode_modules/@babel/parser/src/parser/expression.ts\u001b[2m:3192:12)\u001b[22m\n      \u001b[2mat Parser.allowInAnd [as parseMaybeAssignAllowIn] (\u001b[22mnode_modules/@babel/parser/src/parser/expression.ts\u001b[2m:256:17)\u001b[22m\n      \u001b[2mat Parser.parseMaybeAssignAllowIn [as parseMaybeAssignAllowInOrVoidPattern] (\u001b[22mnode_modules/@babel/parser/src/parser/expression.ts\u001b[2m:3306:17)\u001b[22m\n      \u001b[2mat Parser.parseMaybeAssignAllowInOrVoidPattern [as parseObjectProperty] (\u001b[22mnode_modules/@babel/parser/src/parser/expression.ts\u001b[2m:2315:16)\u001b[22m\n      \u001b[2mat Parser.parseObjectProperty [as parseObjPropValue] (\u001b[22mnode_modules/@babel/parser/src/parser/expression.ts\u001b[2m:2378:12)\u001b[22m\n      \u001b[2mat Parser.parseObjPropValue [as parsePropertyDefinition] (\u001b[22mnode_modules/@babel/parser/src/parser/expression.ts\u001b[2m:2218:17)\u001b[22m\n      \u001b[2mat Parser.parsePropertyDefinition [as parseObjectLike] (\u001b[22mnode_modules/@babel/parser/src/parser/expression.ts\u001b[2m:2085:21)\u001b[22m\n      \u001b[2mat Parser.parseObjectLike [as parseExprAtom] (\u001b[22mnode_modules/@babel/parser/src/parser/expression.ts\u001b[2m:1174:21)\u001b[22m\n      \u001b[2mat Parser.parseExprAtom [as parseExprSubscripts] (\u001b[22mnode_modules/@babel/parser/src/parser/expression.ts\u001b[2m:734:23)\u001b[22m\n      \u001b[2mat Parser.parseExprSubscripts [as parseUpdate] (\u001b[22mnode_modules/@babel/parser/src/parser/expression.ts\u001b[2m:713:21)\u001b[22m\n      \u001b[2mat Parser.parseUpdate [as parseMaybeUnary] (\u001b[22mnode_modules/@babel/parser/src/parser/expression.ts\u001b[2m:675:23)\u001b[22m\n      \u001b[2mat Parser.parseMaybeUnary [as parseMaybeUnaryOrPrivate] (\u001b[22mnode_modules/@babel/parser/src/parser/expression.ts\u001b[2m:409:14)\u001b[22m\n      \u001b[2mat Parser.parseMaybeUnaryOrPrivate [as parseExprOps] (\u001b[22mnode_modules/@babel/parser/src/parser/expression.ts\u001b[2m:421:23)\u001b[22m\n      \u001b[2mat Parser.parseExprOps [as parseMaybeConditional] (\u001b[22mnode_modules/@babel/parser/src/parser/expression.ts\u001b[2m:376:23)\u001b[22m\n      \u001b[2mat Parser.parseMaybeConditional [as parseMaybeAssign] (\u001b[22mnode_modules/@babel/parser/src/parser/expression.ts\u001b[2m:301:21)\u001b[22m\n      \u001b[2mat parseMaybeAssign (\u001b[22mnode_modules/@babel/parser/src/parser/expression.ts\u001b[2m:257:12)\u001b[22m\n      \u001b[2mat Parser.callback [as allowInAnd] (\u001b[22mnode_modules/@babel/parser/src/parser/expression.ts\u001b[2m:3192:12)\u001b[22m\n      \u001b[2mat Parser.allowInAnd [as parseMaybeAssignAllowIn] (\u001b[22mnode_modules/@babel/parser/src/parser/expression.ts\u001b[2m:256:17)\u001b[22m\n      \u001b[2mat Parser.parseMaybeAssignAllowIn [as parseMaybeAssignAllowInOrVoidPattern] (\u001b[22mnode_modules/@babel/parser/src/parser/expression.ts\u001b[2m:3306:17)\u001b[22m\n      \u001b[2mat Parser.parseMaybeAssignAllowInOrVoidPattern [as parseParenAndDistinguishExpression] (\u001b[22mnode_modules/@babel/parser/src/parser/expression.ts\u001b[2m:1813:16)\u001b[22m\n      \u001b[2mat Parser.parseParenAndDistinguishExpression [as parseExprAtom] (\u001b[22mnode_modules/@babel/parser/src/parser/expression.ts\u001b[2m:1162:21)\u001b[22m\n      \u001b[2mat Parser.parseExprAtom [as parseExprSubscripts] (\u001b[22mnode_modules/@babel/parser/src/parser/expression.ts\u001b[2m:734:23)\u001b[22m\n      \u001b[2mat Parser.parseExprSubscripts [as parseUpdate] (\u001b[22mnode_modules/@babel/parser/src/parser/expression.ts\u001b[2m:713:21)\u001b[22m\n      \u001b[2mat Parser.parseUpdate [as parseMaybeUnary] (\u001b[22mnode_modules/@babel/parser/src/parser/expression.ts\u001b[2m:675:23)\u001b[22m\n      \u001b[2mat Parser.parseMaybeUnary [as parseMaybeUnaryOrPrivate] (\u001b[22mnode_modules/@babel/parser/src/parser/expression.ts\u001b[2m:409:14)\u001b[22m\n      \u001b[2mat Parser.parseMaybeUnaryOrPrivate [as parseExprOps] (\u001b[22mnode_modules/@babel/parser/src/parser/expression.ts\u001b[2m:421:23)\u001b[22m\n      \u001b[2mat Parser.parseExprOps [as parseMaybeConditional] (\u001b[22mnode_modules/@babel/parser/src/parser/expression.ts\u001b[2m:376:23)\u001b[22m\n      \u001b[2mat Parser.parseMaybeConditional [as parseMaybeAssign] (\u001b[22mnode_modules/@babel/parser/src/parser/expression.ts\u001b[2m:301:21)\u001b[22m\n      \u001b[2mat Parser.parseMaybeAssign [as parseFunctionBody] (\u001b[22mnode_modules/@babel/parser/src/parser/expression.ts\u001b[2m:2602:14)\u001b[22m\n      \u001b[2mat Parser.parseFunctionBody [as parseArrowExpression] (\u001b[22mnode_modules/@babel/parser/src/parser/expression.ts\u001b[2m:2553:10)\u001b[22m\n      \u001b[2mat Parser.parseArrowExpression [as parseParenAndDistinguishExpression] (\u001b[22mnode_modules/@babel/parser/src/parser/expression.ts\u001b[2m:1837:12)\u001b[22m\n      \u001b[2mat Parser.parseParenAndDistinguishExpression [as parseExprAtom] (\u001b[22mnode_modules/@babel/parser/src/parser/expression.ts\u001b[2m:1162:21)\u001b[22m\n      \u001b[2mat Parser.parseExprAtom [as parseExprSubscripts] (\u001b[22mnode_modules/@babel/parser/src/parser/expression.ts\u001b[2m:734:23)\u001b[22m\n      \u001b[2mat Parser.parseExprSubscripts [as parseUpdate] (\u001b[22mnode_modules/@babel/parser/src/parser/expression.ts\u001b[2m:713:21)\u001b[22m\n      \u001b[2mat Parser.parseUpdate [as parseMaybeUnary] (\u001b[22mnode_modules/@babel/parser/src/parser/expression.ts\u001b[2m:675:23)\u001b[22m\n      \u001b[2mat Parser.parseMaybeUnary [as parseMaybeUnaryOrPrivate] (\u001b[22mnode_modules/@babel/parser/src/parser/expression.ts\u001b[2m:409:14)\u001b[22m\n      \u001b[2mat Parser.parseMaybeUnaryOrPrivate [as parseExprOps] (\u001b[22mnode_modules/@babel/parser/src/parser/expression.ts\u001b[2m:421:23)\u001b[22m\n      \u001b[2mat Parser.parseExprOps [as parseMaybeConditional] (\u001b[22mnode_modules/@babel/parser/src/parser/expression.ts\u001b[2m:376:23)\u001b[22m\n      \u001b[2mat Parser.parseMaybeConditional [as parseMaybeAssign] (\u001b[22mnode_modules/@babel/parser/src/parser/expression.ts\u001b[2m:301:21)\u001b[22m\n      \u001b[2mat parseMaybeAssign (\u001b[22mnode_modules/@babel/parser/src/parser/expression.ts\u001b[2m:257:12)\u001b[22m\n      \u001b[2mat Parser.callback [as allowInAnd] (\u001b[22mnode_modules/@babel/parser/src/parser/expression.ts\u001b[2m:3192:12)\u001b[22m\n      \u001b[2mat Parser.allowInAnd [as parseMaybeAssignAllowIn] (\u001b[22mnode_modules/@babel/parser/src/parser/expression.ts\u001b[2m:256:17)\u001b[22m\n      \u001b[2mat Parser.parseMaybeAssignAllowIn [as parseMaybeAssignAllowInOrVoidPattern] (\u001b[22mnode_modules/@babel/parser/src/parser/expression.ts\u001b[2m:3306:17)\u001b[22m\n      \u001b[2mat Parser.parseMaybeAssignAllowInOrVoidPattern [as parseExprListItem] (\u001b[22mnode_modules/@babel/parser/src/parser/expression.ts\u001b[2m:2788:18)\u001b[22m\n      \u001b[2mat Parser.parseExprListItem [as parseCallExpressionArguments] (\u001b[22mnode_modules/@babel/parser/src/parser/expression.ts\u001b[2m:1034:14)\u001b[22m\n      \u001b[2mat Parser.parseCallExpressionArguments [as parseCoverCallAndAsyncArrowHead] (\u001b[22mnode_modules/@babel/parser/src/parser/expression.ts\u001b[2m:914:29)\u001b[22m\n      \u001b[2mat Parser.parseCoverCallAndAsyncArrowHead [as parseSubscript] (\u001b[22mnode_modules/@babel/parser/src/parser/expression.ts\u001b[2m:796:19)\u001b[22m\n      \u001b[2mat Parser.parseSubscript [as parseSubscripts] (\u001b[22mnode_modules/@babel/parser/src/parser/expression.ts\u001b[2m:755:19)\u001b[22m\n      \u001b[2mat Parser.parseSubscripts [as parseExprSubscripts] (\u001b[22mnode_modules/@babel/parser/src/parser/expression.ts\u001b[2m:740:17)\u001b[22m\n      \u001b[2mat Parser.parseExprSubscripts [as parseUpdate] (\u001b[22mnode_modules/@babel/parser/src/parser/expression.ts\u001b[2m:713:21)\u001b[22m\n      \u001b[2mat Parser.parseUpdate [as parseMaybeUnary] (\u001b[22mnode_modules/@babel/parser/src/parser/expression.ts\u001b[2m:675:23)\u001b[22m\n      \u001b[2mat Parser.parseMaybeUnary [as parseMaybeUnaryOrPrivate] (\u001b[22mnode_modules/@babel/parser/src/parser/expression.ts\u001b[2m:409:14)\u001b[22m\n      \u001b[2mat Parser.parseMaybeUnaryOrPrivate [as parseExprOps] (\u001b[22mnode_modules/@babel/parser/src/parser/expression.ts\u001b[2m:421:23)\u001b[22m\n      \u001b[2mat Parser.parseExprOps [as parseMaybeConditional] (\u001b[22mnode_modules/@babel/parser/src/parser/expression.ts\u001b[2m:376:23)\u001b[22m\n      \u001b[2mat Parser.parseMaybeConditional [as parseMaybeAssign] (\u001b[22mnode_modules/@babel/parser/src/parser/expression.ts\u001b[2m:301:21)\u001b[22m\n      \u001b[2mat Parser.parseMaybeAssign [as parseExpressionBase] (\u001b[22mnode_modules/@babel/parser/src/parser/expression.ts\u001b[2m:226:23)\u001b[22m\n      \u001b[2mat parseExpressionBase (\u001b[22mnode_modules/@babel/parser/src/parser/expression.ts\u001b[2m:217:39)\u001b[22m\n      \u001b[2mat Parser.callback [as allowInAnd] (\u001b[22mnode_modules/@babel/parser/src/parser/expression.ts\u001b[2m:3187:16)\u001b[22m\n      \u001b[2mat Parser.allowInAnd [as parseExpression] (\u001b[22mnode_modules/@babel/parser/src/parser/expression.ts\u001b[2m:217:17)\u001b[22m\n      \u001b[2mat Parser.parseExpression [as parseStatementContent] (\u001b[22mnode_modules/@babel/parser/src/parser/statement.ts\u001b[2m:683:23)\u001b[22m\n      \u001b[2mat Parser.parseStatementContent [as parseStatementLike] (\u001b[22mnode_modules/@babel/parser/src/parser/statement.ts\u001b[2m:477:17)\u001b[22m\n      \u001b[2mat Parser.parseStatementLike [as parseModuleItem] (\u001b[22mnode_modules/@babel/parser/src/parser/statement.ts\u001b[2m:414:17)\u001b[22m\n      \u001b[2mat Parser.parseModuleItem [as parseBlockOrModuleBlockBody] (\u001b[22mnode_modules/@babel/parser/src/parser/statement.ts\u001b[2m:1438:16)\u001b[22m\n      \u001b[2mat Parser.parseBlockOrModuleBlockBody [as parseBlockBody] (\u001b[22mnode_modules/@babel/parser/src/parser/statement.ts\u001b[2m:1412:10)\u001b[22m\n      \u001b[2mat Parser.parseBlockBody [as parseProgram] (\u001b[22mnode_modules/@babel/parser/src/parser/statement.ts\u001b[2m:229:10)\u001b[22m\n      \u001b[2mat Parser.parseProgram [as parseTopLevel] (\u001b[22mnode_modules/@babel/parser/src/parser/statement.ts\u001b[2m:203:25)\u001b[22m\n      \u001b[2mat Parser.parseTopLevel [as parse] (\u001b[22mnode_modules/@babel/parser/src/parser/index.ts\u001b[2m:93:10)\u001b[22m\n      \u001b[2mat parse (\u001b[22mnode_modules/@babel/parser/src/index.ts\u001b[2m:92:38)\u001b[22m\n      \u001b[2mat parser (\u001b[22mnode_modules/@babel/core/src/parser/index.ts\u001b[2m:28:19)\u001b[22m\n          at parser.next (<anonymous>)\n","name":"/workspaces/lock3r/src/lib/managers/__tests__/BlockManager.test.ts","startTime":1754681612371,"status":"failed","summary":""},{"assertionResults":[],"coverage":{},"endTime":1754681612371,"message":"  \u001b[1m● \u001b[22mTest suite failed to run\n\n    \u001b[1m\u001b[31mJest encountered an unexpected token\u001b[39m\u001b[22m\n\n    Jest failed to parse a file. This happens e.g. when your code or its dependencies use non-standard JavaScript syntax, or when Jest is not configured to support such syntax.\n\n    Out of the box Jest supports Babel, which will be used to transform your files into valid JS based on your Babel configuration.\n\n    By default \"node_modules\" folder is ignored by transformers.\n\n    Here's what you can do:\n     • If you are trying to use ECMAScript Modules, see \u001b[4mhttps://jestjs.io/docs/ecmascript-modules\u001b[24m for how to enable it.\n     • If you are trying to use TypeScript, see \u001b[4mhttps://jestjs.io/docs/getting-started#using-typescript\u001b[24m\n     • To have some of your \"node_modules\" files transformed, you can specify a custom \u001b[1m\"transformIgnorePatterns\"\u001b[22m in your config.\n     • If you need a custom transformation, specify a \u001b[1m\"transform\"\u001b[22m option in your config.\n     • If you simply want to mock your non-JS modules (e.g. binary assets) you can stub them out with the \u001b[1m\"moduleNameMapper\"\u001b[22m config option.\n\n    You'll find more details and examples of these config options in the docs:\n    \u001b[36mhttps://jestjs.io/docs/configuration\u001b[39m\n    For information about custom transformations, see:\n    \u001b[36mhttps://jestjs.io/docs/code-transformation\u001b[39m\n\n    \u001b[1m\u001b[31mDetails:\u001b[39m\u001b[22m\n\n    SyntaxError: /workspaces/lock3r/src/lib/managers/__tests__/FocusSessionManager.test.ts: Missing semicolon. (24:27)\n\n    \u001b[0m \u001b[90m 22 |\u001b[39m }))\u001b[33m;\u001b[39m\n     \u001b[90m 23 |\u001b[39m\n    \u001b[31m\u001b[1m>\u001b[22m\u001b[39m\u001b[90m 24 |\u001b[39m \u001b[36mconst\u001b[39m mockStorage \u001b[33m=\u001b[39m storage \u001b[36mas\u001b[39m jest\u001b[33m.\u001b[39m\u001b[33mMocked\u001b[39m\u001b[33m<\u001b[39m\u001b[36mtypeof\u001b[39m storage\u001b[33m>\u001b[39m\u001b[33m;\u001b[39m\n     \u001b[90m    |\u001b[39m                            \u001b[31m\u001b[1m^\u001b[22m\u001b[39m\n     \u001b[90m 25 |\u001b[39m\n     \u001b[90m 26 |\u001b[39m describe(\u001b[32m'FocusSessionManager'\u001b[39m\u001b[33m,\u001b[39m () \u001b[33m=>\u001b[39m {\n     \u001b[90m 27 |\u001b[39m   \u001b[36mlet\u001b[39m sessionManager\u001b[33m:\u001b[39m \u001b[33mFocusSessionManager\u001b[39m\u001b[33m;\u001b[39m\u001b[0m\n\n      \u001b[2mat constructor (\u001b[22mnode_modules/@babel/parser/src/parse-error.ts\u001b[2m:95:45)\u001b[22m\n      \u001b[2mat Parser.toParseError [as raise] (\u001b[22mnode_modules/@babel/parser/src/tokenizer/index.ts\u001b[2m:1503:19)\u001b[22m\n      \u001b[2mat Parser.raise [as semicolon] (\u001b[22mnode_modules/@babel/parser/src/parser/util.ts\u001b[2m:149:10)\u001b[22m\n      \u001b[2mat Parser.semicolon [as parseVarStatement] (\u001b[22mnode_modules/@babel/parser/src/parser/statement.ts\u001b[2m:1247:10)\u001b[22m\n      \u001b[2mat Parser.parseVarStatement [as parseStatementContent] (\u001b[22mnode_modules/@babel/parser/src/parser/statement.ts\u001b[2m:607:21)\u001b[22m\n      \u001b[2mat Parser.parseStatementContent [as parseStatementLike] (\u001b[22mnode_modules/@babel/parser/src/parser/statement.ts\u001b[2m:477:17)\u001b[22m\n      \u001b[2mat Parser.parseStatementLike [as parseModuleItem] (\u001b[22mnode_modules/@babel/parser/src/parser/statement.ts\u001b[2m:414:17)\u001b[22m\n      \u001b[2mat Parser.parseModuleItem [as parseBlockOrModuleBlockBody] (\u001b[22mnode_modules/@babel/parser/src/parser/statement.ts\u001b[2m:1438:16)\u001b[22m\n      \u001b[2mat Parser.parseBlockOrModuleBlockBody [as parseBlockBody] (\u001b[22mnode_modules/@babel/parser/src/parser/statement.ts\u001b[2m:1412:10)\u001b[22m\n      \u001b[2mat Parser.parseBlockBody [as parseProgram] (\u001b[22mnode_modules/@babel/parser/src/parser/statement.ts\u001b[2m:229:10)\u001b[22m\n      \u001b[2mat Parser.parseProgram [as parseTopLevel] (\u001b[22mnode_modules/@babel/parser/src/parser/statement.ts\u001b[2m:203:25)\u001b[22m\n      \u001b[2mat Parser.parseTopLevel [as parse] (\u001b[22mnode_modules/@babel/parser/src/parser/index.ts\u001b[2m:93:10)\u001b[22m\n      \u001b[2mat parse (\u001b[22mnode_modules/@babel/parser/src/index.ts\u001b[2m:92:38)\u001b[22m\n      \u001b[2mat parser (\u001b[22mnode_modules/@babel/core/src/parser/index.ts\u001b[2m:28:19)\u001b[22m\n          at parser.next (<anonymous>)\n      \u001b[2mat normalizeFile (\u001b[22mnode_modules/@babel/core/src/transformation/normalize-file.ts\u001b[2m:49:24)\u001b[22m\n          at normalizeFile.next (<anonymous>)\n      \u001b[2mat run (\u001b[22mnode_modules/@babel/core/src/transformation/index.ts\u001b[2m:40:36)\u001b[22m\n          at run.next (<anonymous>)\n      \u001b[2mat transform (\u001b[22mnode_modules/@babel/core/src/transform.ts\u001b[2m:29:20)\u001b[22m\n          at transform.next (<anonymous>)\n      \u001b[2mat evaluateSync (\u001b[22mnode_modules/gensync/index.js\u001b[2m:251:28)\u001b[22m\n      \u001b[2mat sync (\u001b[22mnode_modules/gensync/index.js\u001b[2m:89:14)\u001b[22m\n      \u001b[2mat fn (\u001b[22mnode_modules/@babel/core/src/errors/rewrite-stack-trace.ts\u001b[2m:99:14)\u001b[22m\n      \u001b[2mat transformSync (\u001b[22mnode_modules/@babel/core/src/transform.ts\u001b[2m:66:52)\u001b[22m\n      \u001b[2mat ScriptTransformer.transformSource (\u001b[22mnode_modules/@jest/transform/build/index.js\u001b[2m:422:31)\u001b[22m\n      \u001b[2mat ScriptTransformer._transformAndBuildScript (\u001b[22mnode_modules/@jest/transform/build/index.js\u001b[2m:519:40)\u001b[22m\n      \u001b[2mat ScriptTransformer.transform (\u001b[22mnode_modules/@jest/transform/build/index.js\u001b[2m:558:19)\u001b[22m\n","name":"/workspaces/lock3r/src/lib/managers/__tests__/FocusSessionManager.test.ts","startTime":1754681612371,"status":"failed","summary":""}],"wasInterrupted":false}
